<?xml version="1.0" encoding="UTF-8" ?>
<testsuite tests="4" failures="0" name="options.TestRunner" time="5.257" errors="0" skipped="0">
  <properties>
[...]
</properties>
  <testcase classname="Flight Manifest Json value verification" name="Title of your scenario outline" time="3.827"/>
  <testcase classname="Hotel Search Functionality" name="Hotel Search #1" time="0.469"/>
  <testcase classname="Hotel Search Functionality" name="Hotel Search #2" time="0.366"/>
  <testcase classname="Hotel Search Functionality" name="Hotel Search #3" time="0.595"/>
</testsuite>